
Showing logs for build [32mcb-kubecd-environment-pr-182-69-7wqw5-1[0m stage [32mfrom-build-pack[0m and container [32mstep-credential-initializer-v88cm[0m
{"level":"warn","ts":1584279646.9873624,"logger":"fallback-logger","caller":"logging/config.go:69","msg":"Fetch GitHub commit ID from kodata failed: \"ref: refs/heads/0.8.0-**-support-backwards-incompats\" is not a valid GitHub commit ID"}
{"level":"info","ts":1584279646.988235,"logger":"fallback-logger","caller":"creds-init/main.go:40","msg":"Credentials initialized."}

Showing logs for build [32mcb-kubecd-environment-pr-182-69-7wqw5-1[0m stage [32mfrom-build-pack[0m and container [32mstep-working-dir-initializer-7wlvh[0m
{"level":"warn","ts":1584279647.4892435,"logger":"fallback-logger","caller":"logging/config.go:69","msg":"Fetch GitHub commit ID from kodata failed: open /var/run/ko/HEAD: no such file or directory"}
{"level":"info","ts":1584279647.4908564,"logger":"fallback-logger","caller":"bash/main.go:64","msg":"Successfully executed command \"sh -c mkdir -p /workspace/source\"; output "}

Showing logs for build [32mcb-kubecd-environment-pr-182-69-7wqw5-1[0m stage [32mfrom-build-pack[0m and container [32mstep-place-tools[0m

Showing logs for build [32mcb-kubecd-environment-pr-182-69-7wqw5-1[0m stage [32mfrom-build-pack[0m and container [32mstep-git-source-cb-kubecd-environment-pr-182-69-7wqw5-lt7gk[0m
{"level":"warn","ts":1584279652.6526113,"logger":"fallback-logger","caller":"logging/config.go:69","msg":"Fetch GitHub commit ID from kodata failed: \"ref: refs/heads/0.8.0-**-support-backwards-incompats\" is not a valid GitHub commit ID"}
{"level":"info","ts":1584279653.746692,"logger":"fallback-logger","caller":"git/git.go:103","msg":"Successfully cloned https://github.com/cb-kubecd/environment-pr-182-69-boot-gke-staging.git @ master in path /workspace/source"}

Showing logs for build [32mcb-kubecd-environment-pr-182-69-7wqw5-1[0m stage [32mfrom-build-pack[0m and container [32mstep-git-merge[0m
Using SHAs from PULL_REFS=master:8973d2b56bf92e6afc59f8b4cf2d2dd4d0139e64,8:ecf83d11f37e3daccee6ad765421895915199a83
DEBUG: LC_ALL=C JX_LOG_LEVEL=error git fetch origin --unshallow ecf83d11f37e3daccee6ad765421895915199a83: 8973d2b56bf92e6afc59f8b4cf2d2dd4d0139e64:
DEBUG: ran git fetch --unshallow origin ecf83d11f37e3daccee6ad765421895915199a83: 8973d2b56bf92e6afc59f8b4cf2d2dd4d0139e64: in 
DEBUG: JX_LOG_LEVEL=error LC_ALL=C git branch
DEBUG: LC_ALL=C JX_LOG_LEVEL=error git checkout master
DEBUG: ran git checkout master in 
DEBUG: LC_ALL=C JX_LOG_LEVEL=error git reset --hard 8973d2b56bf92e6afc59f8b4cf2d2dd4d0139e64
DEBUG: ran git reset --hard 8973d2b56bf92e6afc59f8b4cf2d2dd4d0139e64 in 
DEBUG: LC_ALL=C JX_LOG_LEVEL=error git clean -fd .
DEBUG: ran clean --force -d . in 
DEBUG: LC_ALL=C JX_LOG_LEVEL=error git merge ecf83d11f37e3daccee6ad765421895915199a83
DEBUG: ran git merge ecf83d11f37e3daccee6ad765421895915199a83 in 
DEBUG: LC_ALL=C JX_LOG_LEVEL=error git log --format=%H%x1f%an%x1f%ae%x1f%cn%x1f%ce%x1f%s%n%b%x1e 8973d2b56bf92e6afc59f8b4cf2d2dd4d0139e64..HEAD
Merged SHA ecf83d11f37e3daccee6ad765421895915199a83 with commit message 'chore: Promote bdd-sbhg-import-1584278137 to version 0.0.1' into base branch master

Showing logs for build [32mcb-kubecd-environment-pr-182-69-7wqw5-1[0m stage [32mfrom-build-pack[0m and container [32mstep-build-helm-build[0m
WARNING: No $CHART_REPOSITORY defined so using the default value of: http://jenkins-x-chartmuseum:8080
Adding missing Helm repo: storage.googleapis.com https://storage.googleapis.com/chartmuseum.jenkins-x.io
WARNING: No secrets found on "helm/repos" due: reading the secret "helm/repos" from vault: no secret "helm/repos" not found in vault
Read credentials for https://storage.googleapis.com/chartmuseum.jenkins-x.io from vault helm/repos
Successfully added Helm repository storage.googleapis.com.
Adding missing Helm repo: jenkins-x-chartmuseum http://jenkins-x-chartmuseum:8080
WARNING: No secrets found on "helm/repos" due: reading the secret "helm/repos" from vault: no secret "helm/repos" not found in vault
Read credentials for http://jenkins-x-chartmuseum:8080 from vault helm/repos
Successfully added Helm repository jenkins-x-chartmuseum.
WARNING: No $CHART_REPOSITORY defined so using the default value of: http://jenkins-x-chartmuseum:8080
Adding missing Helm repo: chartmuseum.jenkins-x.io http://chartmuseum.jenkins-x.io
WARNING: No secrets found on "helm/repos" due: reading the secret "helm/repos" from vault: no secret "helm/repos" not found in vault
Read credentials for http://chartmuseum.jenkins-x.io from vault helm/repos
Successfully added Helm repository chartmuseum.jenkins-x.io.
